TN:
SF:src/controllers/auth.controller.ts
FN:25,(anonymous_0)
FN:40,(anonymous_1)
FN:55,(anonymous_2)
FN:60,(anonymous_3)
FNF:4
FNH:3
FNDA:3,(anonymous_0)
FNDA:3,(anonymous_1)
FNDA:1,(anonymous_2)
FNDA:0,(anonymous_3)
DA:2,1
DA:3,1
DA:6,1
DA:13,1
DA:18,1
DA:25,1
DA:26,3
DA:27,3
DA:28,1
DA:29,1
DA:31,2
DA:32,2
DA:33,1
DA:34,1
DA:36,1
DA:40,1
DA:41,3
DA:42,3
DA:43,1
DA:44,1
DA:46,2
DA:47,2
DA:48,1
DA:49,1
DA:51,1
DA:55,1
DA:56,1
DA:57,1
DA:60,1
DA:61,0
LF:30
LH:29
BRDA:27,0,0,1
BRDA:27,0,1,2
BRDA:42,1,0,1
BRDA:42,1,1,2
BRF:4
BRH:4
end_of_record
TN:
SF:src/controllers/comment.controller.ts
FN:5,(anonymous_1)
FN:21,(anonymous_2)
FNF:2
FNH:2
FNDA:2,(anonymous_1)
FNDA:2,(anonymous_2)
DA:3,1
DA:5,1
DA:6,2
DA:7,2
DA:15,1
DA:17,1
DA:21,1
DA:22,2
DA:23,2
DA:24,1
DA:26,1
LF:11
LH:11
BRF:0
BRH:0
end_of_record
TN:
SF:src/controllers/project.controller.ts
FN:5,(anonymous_6)
FN:14,(anonymous_7)
FN:26,(anonymous_8)
FN:35,(anonymous_9)
FN:47,(anonymous_10)
FN:56,(anonymous_11)
FNF:6
FNH:4
FNDA:2,(anonymous_6)
FNDA:2,(anonymous_7)
FNDA:1,(anonymous_8)
FNDA:0,(anonymous_9)
FNDA:1,(anonymous_10)
FNDA:0,(anonymous_11)
DA:3,1
DA:5,1
DA:6,2
DA:7,2
DA:8,1
DA:10,1
DA:14,1
DA:15,2
DA:16,2
DA:20,1
DA:22,1
DA:26,1
DA:27,1
DA:28,1
DA:29,1
DA:31,0
DA:35,1
DA:36,0
DA:37,0
DA:41,0
DA:43,0
DA:47,1
DA:48,1
DA:49,1
DA:50,1
DA:52,0
DA:56,1
DA:57,0
DA:58,0
DA:62,0
DA:64,0
LF:31
LH:21
BRF:0
BRH:0
end_of_record
TN:
SF:src/controllers/task.controller.ts
FN:5,(anonymous_6)
FN:14,(anonymous_7)
FN:23,(anonymous_8)
FN:32,(anonymous_9)
FN:41,(anonymous_10)
FNF:5
FNH:5
FNDA:2,(anonymous_6)
FNDA:2,(anonymous_7)
FNDA:1,(anonymous_8)
FNDA:1,(anonymous_9)
FNDA:1,(anonymous_10)
DA:3,1
DA:5,1
DA:6,2
DA:7,2
DA:8,1
DA:10,1
DA:14,1
DA:15,2
DA:16,2
DA:17,1
DA:19,1
DA:23,1
DA:24,1
DA:25,1
DA:26,1
DA:28,0
DA:32,1
DA:33,1
DA:34,1
DA:35,1
DA:37,0
DA:41,1
DA:42,1
DA:43,1
DA:44,1
DA:46,0
LF:26
LH:23
BRF:0
BRH:0
end_of_record
TN:
SF:src/middleware/auth.middleware.ts
FN:8,(anonymous_0)
FN:29,(anonymous_1)
FNF:2
FNH:2
FNDA:3,(anonymous_0)
FNDA:2,(anonymous_1)
DA:2,1
DA:8,1
DA:13,3
DA:15,3
DA:16,1
DA:17,1
DA:20,2
DA:21,2
DA:22,1
DA:23,1
DA:25,1
DA:29,1
DA:34,2
DA:35,1
DA:36,1
DA:38,1
LF:16
LH:16
BRDA:15,0,0,1
BRDA:15,0,1,2
BRDA:34,1,0,1
BRDA:34,1,1,1
BRF:4
BRH:4
end_of_record
TN:
SF:src/middleware/validate.middleware.ts
FN:5,(anonymous_0)
FN:6,(anonymous_1)
FNF:2
FNH:2
FNDA:3,(anonymous_0)
FNDA:3,(anonymous_1)
DA:4,1
DA:5,1
DA:6,3
DA:7,3
DA:8,3
DA:9,2
DA:13,2
DA:15,1
DA:16,1
LF:9
LH:9
BRDA:8,0,0,2
BRDA:8,0,1,1
BRF:2
BRH:2
end_of_record
TN:
SF:src/services/auth.service.ts
FN:17,(anonymous_1)
FN:37,(anonymous_2)
FNF:2
FNH:2
FNDA:2,(anonymous_1)
FNDA:3,(anonymous_2)
DA:1,2
DA:2,2
DA:3,2
DA:17,2
DA:18,2
DA:19,2
DA:21,1
DA:23,1
DA:33,1
DA:34,1
DA:37,2
DA:38,3
DA:39,3
DA:41,2
DA:42,2
DA:44,1
DA:45,1
LF:17
LH:17
BRDA:19,0,0,1
BRDA:19,0,1,1
BRDA:28,1,0,1
BRDA:28,1,1,1
BRDA:39,2,0,1
BRDA:39,2,1,2
BRDA:42,3,0,1
BRDA:42,3,1,1
BRF:8
BRH:8
end_of_record
TN:
SF:src/services/project.service.ts
FN:3,(anonymous_1)
FN:17,(anonymous_2)
FN:35,(anonymous_3)
FN:49,(anonymous_4)
FN:56,(anonymous_5)
FN:60,(anonymous_6)
FNF:6
FNH:6
FNDA:1,(anonymous_1)
FNDA:2,(anonymous_2)
FNDA:1,(anonymous_3)
FNDA:1,(anonymous_4)
FNDA:1,(anonymous_5)
FNDA:1,(anonymous_6)
DA:1,2
DA:3,2
DA:4,1
DA:17,2
DA:18,2
DA:31,2
DA:32,1
DA:35,2
DA:39,1
DA:49,2
DA:53,1
DA:56,2
DA:57,1
DA:60,2
DA:61,1
LF:15
LH:15
BRDA:31,0,0,1
BRDA:31,0,1,1
BRF:2
BRH:2
end_of_record
TN:
SF:src/services/task.service.ts
FN:14,(anonymous_1)
FN:26,(anonymous_2)
FN:42,(anonymous_3)
FN:51,(anonymous_4)
FN:62,(anonymous_5)
FN:72,(anonymous_6)
FN:83,(anonymous_7)
FNF:7
FNH:7
FNDA:1,(anonymous_1)
FNDA:2,(anonymous_2)
FNDA:3,(anonymous_3)
FNDA:1,(anonymous_4)
FNDA:2,(anonymous_5)
FNDA:1,(anonymous_6)
FNDA:1,(anonymous_7)
DA:1,2
DA:14,2
DA:15,1
DA:26,2
DA:27,2
DA:38,2
DA:39,1
DA:42,2
DA:43,3
DA:44,3
DA:51,1
DA:62,2
DA:63,2
DA:64,2
DA:72,1
DA:83,2
DA:84,1
LF:17
LH:17
BRDA:38,0,0,1
BRDA:38,0,1,1
BRDA:48,1,0,1
BRDA:48,1,1,2
BRDA:49,2,0,1
BRDA:49,2,1,2
BRDA:68,3,0,0
BRDA:68,3,1,2
BRDA:69,4,0,1
BRDA:69,4,1,1
BRF:10
BRH:9
end_of_record
TN:
SF:src/utils/jwt.ts
FN:12,(anonymous_1)
FN:16,(anonymous_2)
FNF:2
FNH:2
FNDA:3,(anonymous_1)
FNDA:2,(anonymous_2)
DA:1,3
DA:4,3
DA:5,3
DA:12,3
DA:13,3
DA:16,3
DA:17,2
LF:7
LH:7
BRDA:5,0,0,3
BRDA:5,0,1,0
BRF:2
BRH:1
end_of_record
TN:
SF:src/utils/prisma.ts
FNF:0
FNH:0
DA:1,3
DA:2,3
DA:4,3
DA:6,3
DA:8,3
LF:5
LH:5
BRF:0
BRH:0
end_of_record
